<?xml version="1.0" encoding="UTF-8"?>
<!-- Generated by org.testng.reporters.JUnitReportReporter -->
<testsuite hostname="DESKTOP-I5MV7FE" failures="0" tests="3" name="codenboxautomationlab1.codenboxautomationlab1.AppTest" time="٢.٥٥٠" errors="0" timestamp="٢٠٢٥-٠٤-٢١T٢٠:٣٠:٢٠ غرينتش+٠٣:٠٠" skipped="2">
  <testcase classname="codenboxautomationlab1.codenboxautomationlab1.AppTest" name="selectRandom" time="٢.٥٥٠"/>
  <testcase classname="codenboxautomationlab1.codenboxautomationlab1.AppTest" name="RadioButton">
    <skipped/>
  </testcase> <!-- RadioButton -->
  <testcase classname="codenboxautomationlab1.codenboxautomationlab1.AppTest" name="Dynamic_Dropdown">
    <skipped/>
  </testcase> <!-- Dynamic_Dropdown -->
</testsuite> <!-- codenboxautomationlab1.codenboxautomationlab1.AppTest -->
